c:\users\rufida\source\repos\newopengl\x64\debug\vc143.pdb
c:\users\rufida\source\repos\newopengl\x64\debug\vc143.idb
c:\users\rufida\source\repos\newopengl\x64\debug\glad.obj
c:\users\rufida\desktop\opengl_repo\opengl code\x64\debug\vc143.pdb
c:\users\rufida\desktop\opengl_repo\opengl code\x64\debug\vc143.idb
c:\users\rufida\desktop\opengl_repo\opengl code\x64\debug\stb_image.obj
c:\users\rufida\desktop\opengl_repo\opengl code\x64\debug\shaderclass.obj
c:\users\rufida\desktop\opengl_repo\opengl code\x64\debug\main.obj
c:\users\rufida\source\repos\newopengl\x64\debug\newopengl.exe
c:\users\rufida\source\repos\newopengl\x64\debug\newopengl.ilk
c:\users\rufida\source\repos\newopengl\x64\debug\newopengl.pdb
c:\users\rufida\desktop\opengl_repo\opengl code\x64\debug\newopengl.exe
c:\users\rufida\desktop\opengl_repo\opengl code\x64\debug\newopengl.ilk
c:\users\rufida\desktop\opengl_repo\opengl code\x64\debug\newopengl.pdb
c:\users\rufida\desktop\opengl_repo\opengl code\x64\debug\glad.obj
c:\users\rufida\desktop\opengl_repo\opengl code\x64\debug\newopengl.tlog\cl.command.1.tlog
c:\users\rufida\desktop\opengl_repo\opengl code\x64\debug\newopengl.tlog\cl.items.tlog
c:\users\rufida\desktop\opengl_repo\opengl code\x64\debug\newopengl.tlog\cl.read.1.tlog
c:\users\rufida\desktop\opengl_repo\opengl code\x64\debug\newopengl.tlog\cl.write.1.tlog
c:\users\rufida\desktop\opengl_repo\opengl code\x64\debug\newopengl.tlog\link.command.1.tlog
c:\users\rufida\desktop\opengl_repo\opengl code\x64\debug\newopengl.tlog\link.read.1.tlog
c:\users\rufida\desktop\opengl_repo\opengl code\x64\debug\newopengl.tlog\link.write.1.tlog
